<?xml version="1.0" encoding="UTF-8"?>
<testsuite xmlns:xsi="http://www.w3.org/2001/XMLSchema-instance" xsi:noNamespaceSchemaLocation="https://maven.apache.org/surefire/maven-failsafe-plugin/xsd/failsafe-test-report.xsd" name="it.dev.appsody.starter.HealthEndpointTest" time="0.842" tests="2" errors="0" skipped="0" failures="0">
  <properties>
    <property name="awt.toolkit" value="sun.awt.X11.XToolkit"/>
    <property name="microshed_https_port" value="9443"/>
    <property name="java.specification.version" value="1.8"/>
    <property name="file.encoding.pkg" value="sun.io"/>
    <property name="jdk.extensions.version" value="8.0.222.0"/>
    <property name="sun.jnu.encoding" value="UTF-8"/>
    <property name="java.class.path" value="/project/user-app/target/test-classes:/project/user-app/target/classes:/mvn/repository/javax/enterprise/cdi-api/2.0/cdi-api-2.0.jar:/mvn/repository/javax/el/javax.el-api/3.0.0/javax.el-api-3.0.0.jar:/mvn/repository/javax/interceptor/javax.interceptor-api/1.2/javax.interceptor-api-1.2.jar:/mvn/repository/javax/inject/javax.inject/1/javax.inject-1.jar:/mvn/repository/javax/ws/rs/javax.ws.rs-api/2.1/javax.ws.rs-api-2.1.jar:/mvn/repository/javax/json/bind/javax.json.bind-api/1.0/javax.json.bind-api-1.0.jar:/mvn/repository/javax/json/javax.json-api/1.1/javax.json-api-1.1.jar:/mvn/repository/javax/annotation/javax.annotation-api/1.3/javax.annotation-api-1.3.jar:/mvn/repository/org/eclipse/microprofile/config/microprofile-config-api/1.3/microprofile-config-api-1.3.jar:/mvn/repository/org/osgi/org.osgi.annotation.versioning/1.0.0/org.osgi.annotation.versioning-1.0.0.jar:/mvn/repository/org/eclipse/microprofile/fault-tolerance/microprofile-fault-tolerance-api/2.0/microprofile-fault-tolerance-api-2.0.jar:/mvn/repository/org/eclipse/microprofile/health/microprofile-health-api/2.1/microprofile-health-api-2.1.jar:/mvn/repository/org/eclipse/microprofile/metrics/microprofile-metrics-api/2.2/microprofile-metrics-api-2.2.jar:/mvn/repository/org/eclipse/microprofile/jwt/microprofile-jwt-auth-api/1.1/microprofile-jwt-auth-api-1.1.jar:/mvn/repository/org/eclipse/microprofile/openapi/microprofile-openapi-api/1.1/microprofile-openapi-api-1.1.jar:/mvn/repository/org/eclipse/microprofile/rest/client/microprofile-rest-client-api/1.3/microprofile-rest-client-api-1.3.jar:/mvn/repository/org/eclipse/microprofile/opentracing/microprofile-opentracing-api/1.3/microprofile-opentracing-api-1.3.jar:/mvn/repository/junit/junit/4.12/junit-4.12.jar:/mvn/repository/org/hamcrest/hamcrest-core/1.3/hamcrest-core-1.3.jar:/mvn/repository/org/apache/cxf/cxf-rt-rs-client/3.2.6/cxf-rt-rs-client-3.2.6.jar:/mvn/repository/org/apache/cxf/cxf-rt-transports-http/3.2.6/cxf-rt-transports-http-3.2.6.jar:/mvn/repository/org/apache/cxf/cxf-core/3.2.6/cxf-core-3.2.6.jar:/mvn/repository/com/fasterxml/woodstox/woodstox-core/5.1.0/woodstox-core-5.1.0.jar:/mvn/repository/org/codehaus/woodstox/stax2-api/4.1/stax2-api-4.1.jar:/mvn/repository/org/apache/ws/xmlschema/xmlschema-core/2.2.3/xmlschema-core-2.2.3.jar:/mvn/repository/org/apache/cxf/cxf-rt-frontend-jaxrs/3.2.6/cxf-rt-frontend-jaxrs-3.2.6.jar:/mvn/repository/org/apache/cxf/cxf-rt-rs-extension-providers/3.2.6/cxf-rt-rs-extension-providers-3.2.6.jar:/mvn/repository/org/glassfish/javax.json/1.0.4/javax.json-1.0.4.jar:/mvn/repository/javax/xml/bind/jaxb-api/2.3.1/jaxb-api-2.3.1.jar:/mvn/repository/javax/activation/javax.activation-api/1.2.0/javax.activation-api-1.2.0.jar:/mvn/repository/com/sun/xml/bind/jaxb-core/2.3.0.1/jaxb-core-2.3.0.1.jar:/mvn/repository/com/sun/xml/bind/jaxb-impl/2.3.2/jaxb-impl-2.3.2.jar:/mvn/repository/javax/activation/activation/1.1.1/activation-1.1.1.jar:"/>
    <property name="com.ibm.zero.version" value="2"/>
    <property name="java.vm.vendor" value="Eclipse OpenJ9"/>
    <property name="sun.arch.data.model" value="64"/>
    <property name="com.ibm.vm.bitmode" value="64"/>
    <property name="microshed_hostname" value="0b66f69ca4c8"/>
    <property name="user.variant" value=""/>
    <property name="com.ibm.oti.vm.library.version" value="29"/>
    <property name="java.vendor.url" value="http://www.eclipse.org/openj9"/>
    <property name="user.timezone" value=""/>
    <property name="os.name" value="Linux"/>
    <property name="java.vm.specification.version" value="1.8"/>
    <property name="sun.java.launcher" value="SUN_STANDARD"/>
    <property name="user.country" value="US"/>
    <property name="liberty.https.port" value="9443"/>
    <property name="sun.boot.library.path" value="/opt/java/openjdk/jre/lib/amd64/compressedrefs:/opt/java/openjdk/jre/lib/amd64"/>
    <property name="sun.java.command" value="/project/user-app/target/surefire/surefirebooter2892882217386394353.jar /project/user-app/target/surefire 2020-01-26T07-53-18_838-jvmRun1 surefire1413740103710570867tmp surefire_15294161771263355590tmp"/>
    <property name="surefire.test.class.path" value="/project/user-app/target/test-classes:/project/user-app/target/classes:/mvn/repository/javax/enterprise/cdi-api/2.0/cdi-api-2.0.jar:/mvn/repository/javax/el/javax.el-api/3.0.0/javax.el-api-3.0.0.jar:/mvn/repository/javax/interceptor/javax.interceptor-api/1.2/javax.interceptor-api-1.2.jar:/mvn/repository/javax/inject/javax.inject/1/javax.inject-1.jar:/mvn/repository/javax/ws/rs/javax.ws.rs-api/2.1/javax.ws.rs-api-2.1.jar:/mvn/repository/javax/json/bind/javax.json.bind-api/1.0/javax.json.bind-api-1.0.jar:/mvn/repository/javax/json/javax.json-api/1.1/javax.json-api-1.1.jar:/mvn/repository/javax/annotation/javax.annotation-api/1.3/javax.annotation-api-1.3.jar:/mvn/repository/org/eclipse/microprofile/config/microprofile-config-api/1.3/microprofile-config-api-1.3.jar:/mvn/repository/org/osgi/org.osgi.annotation.versioning/1.0.0/org.osgi.annotation.versioning-1.0.0.jar:/mvn/repository/org/eclipse/microprofile/fault-tolerance/microprofile-fault-tolerance-api/2.0/microprofile-fault-tolerance-api-2.0.jar:/mvn/repository/org/eclipse/microprofile/health/microprofile-health-api/2.1/microprofile-health-api-2.1.jar:/mvn/repository/org/eclipse/microprofile/metrics/microprofile-metrics-api/2.2/microprofile-metrics-api-2.2.jar:/mvn/repository/org/eclipse/microprofile/jwt/microprofile-jwt-auth-api/1.1/microprofile-jwt-auth-api-1.1.jar:/mvn/repository/org/eclipse/microprofile/openapi/microprofile-openapi-api/1.1/microprofile-openapi-api-1.1.jar:/mvn/repository/org/eclipse/microprofile/rest/client/microprofile-rest-client-api/1.3/microprofile-rest-client-api-1.3.jar:/mvn/repository/org/eclipse/microprofile/opentracing/microprofile-opentracing-api/1.3/microprofile-opentracing-api-1.3.jar:/mvn/repository/junit/junit/4.12/junit-4.12.jar:/mvn/repository/org/hamcrest/hamcrest-core/1.3/hamcrest-core-1.3.jar:/mvn/repository/org/apache/cxf/cxf-rt-rs-client/3.2.6/cxf-rt-rs-client-3.2.6.jar:/mvn/repository/org/apache/cxf/cxf-rt-transports-http/3.2.6/cxf-rt-transports-http-3.2.6.jar:/mvn/repository/org/apache/cxf/cxf-core/3.2.6/cxf-core-3.2.6.jar:/mvn/repository/com/fasterxml/woodstox/woodstox-core/5.1.0/woodstox-core-5.1.0.jar:/mvn/repository/org/codehaus/woodstox/stax2-api/4.1/stax2-api-4.1.jar:/mvn/repository/org/apache/ws/xmlschema/xmlschema-core/2.2.3/xmlschema-core-2.2.3.jar:/mvn/repository/org/apache/cxf/cxf-rt-frontend-jaxrs/3.2.6/cxf-rt-frontend-jaxrs-3.2.6.jar:/mvn/repository/org/apache/cxf/cxf-rt-rs-extension-providers/3.2.6/cxf-rt-rs-extension-providers-3.2.6.jar:/mvn/repository/org/glassfish/javax.json/1.0.4/javax.json-1.0.4.jar:/mvn/repository/javax/xml/bind/jaxb-api/2.3.1/jaxb-api-2.3.1.jar:/mvn/repository/javax/activation/javax.activation-api/1.2.0/javax.activation-api-1.2.0.jar:/mvn/repository/com/sun/xml/bind/jaxb-core/2.3.0.1/jaxb-core-2.3.0.1.jar:/mvn/repository/com/sun/xml/bind/jaxb-impl/2.3.2/jaxb-impl-2.3.2.jar:/mvn/repository/javax/activation/activation/1.1.1/activation-1.1.1.jar:"/>
    <property name="sun.cpu.endian" value="little"/>
    <property name="user.home" value="/"/>
    <property name="user.language" value="en"/>
    <property name="java.specification.vendor" value="Oracle Corporation"/>
    <property name="java.home" value="/opt/java/openjdk/jre"/>
    <property name="ibm.signalhandling.rs" value="false"/>
    <property name="file.separator" value="/"/>
    <property name="jdk.extensions.name" value="Extensions for OpenJDK for Eclipse OpenJ9"/>
    <property name="basedir" value="/project/user-app"/>
    <property name="liberty.test.port" value="9080"/>
    <property name="line.separator" value="&#10;"/>
    <property name="java.vm.specification.vendor" value="Oracle Corporation"/>
    <property name="java.specification.name" value="Java Platform API Specification"/>
    <property name="wlp.user.dir" value="/opt/ol/wlp/usr"/>
    <property name="java.compiler" value="j9jit29"/>
    <property name="com.ibm.util.extralibs.properties" value=""/>
    <property name="sun.java.launcher.pid" value="1510"/>
    <property name="java.awt.graphicsenv" value="sun.awt.X11GraphicsEnvironment"/>
    <property name="microshed_http_port" value="9080"/>
    <property name="com.ibm.oti.configuration" value="scar"/>
    <property name="java.awt.fonts" value=""/>
    <property name="surefire.real.class.path" value="/project/user-app/target/surefire/surefirebooter2892882217386394353.jar"/>
    <property name="com.ibm.oti.shared.enabled" value="false"/>
    <property name="sun.boot.class.path" value="/opt/java/openjdk/jre/lib/amd64/compressedrefs/jclSC180/vm.jar:/opt/java/openjdk/jre/lib/se-service.jar:/opt/java/openjdk/jre/lib/rt.jar:/opt/java/openjdk/jre/lib/resources.jar:/opt/java/openjdk/jre/lib/jsse.jar:/opt/java/openjdk/jre/lib/charsets.jar:/opt/java/openjdk/jre/lib/jce.jar"/>
    <property name="com.ibm.oti.vm.bootstrap.library.path" value="/opt/java/openjdk/jre/lib/amd64/compressedrefs:/opt/java/openjdk/jre/lib/amd64"/>
    <property name="com.ibm.cpu.endian" value="little"/>
    <property name="java.fullversion" value="1.8.0_222-b10&#10;JRE 1.8.0 Linux amd64-64-Bit Compressed References 20190717_368 (JIT enabled, AOT enabled)&#10;OpenJ9   - 0f66c6431&#10;OMR      - ec782f26&#10;JCL      - f147086df1e based on jdk8u222-b10"/>
    <property name="java.runtime.version" value="1.8.0_222-b10"/>
    <property name="user.name" value="unknown"/>
    <property name="liberty.hostname" value="0b66f69ca4c8"/>
    <property name="path.separator" value=":"/>
    <property name="os.version" value="4.9.184-linuxkit"/>
    <property name="java.endorsed.dirs" value="/opt/java/openjdk/jre/lib/endorsed"/>
    <property name="java.runtime.name" value="OpenJDK Runtime Environment"/>
    <property name="liberty.http.port" value="9080"/>
    <property name="ibm.signalhandling.sigint" value="true"/>
    <property name="file.encoding" value="UTF-8"/>
    <property name="java.vm.name" value="Eclipse OpenJ9 VM"/>
    <property name="ibm.signalhandling.sigchain" value="true"/>
    <property name="localRepository" value="/mvn/repository"/>
    <property name="java.io.tmpdir" value="/tmp"/>
    <property name="java.version" value="1.8.0_222"/>
    <property name="com.ibm.system.agent.path" value="/opt/java/openjdk/jre/lib/amd64"/>
    <property name="user.dir" value="/project/user-app"/>
    <property name="appsDirectory" value="apps"/>
    <property name="os.arch" value="amd64"/>
    <property name="java.vm.specification.name" value="Java Virtual Machine Specification"/>
    <property name="java.awt.printerjob" value="sun.print.PSPrinterJob"/>
    <property name="os.encoding" value="UTF-8"/>
    <property name="java.library.path" value="/opt/java/openjdk/jre/lib/amd64/compressedrefs:/opt/java/openjdk/jre/lib/amd64:/usr/lib64:/usr/lib"/>
    <property name="java.vendor" value="Eclipse OpenJ9"/>
    <property name="java.vm.info" value="JRE 1.8.0 Linux amd64-64-Bit Compressed References 20190717_368 (JIT enabled, AOT enabled)&#10;OpenJ9   - 0f66c6431&#10;OMR      - ec782f26&#10;JCL      - f147086df1e based on jdk8u222-b10"/>
    <property name="java.vm.version" value="openj9-0.15.1"/>
    <property name="com.ibm.jcl.checkClassPath" value=""/>
    <property name="ibm.system.encoding" value="UTF-8"/>
    <property name="sun.io.unicode.encoding" value="UnicodeLittle"/>
    <property name="java.ext.dirs" value="/opt/java/openjdk/jre/lib/ext"/>
    <property name="maven.repo.local" value="/mvn/repository"/>
    <property name="java.class.version" value="52.0"/>
    <property name="war.name" value="starter-app"/>
  </properties>
  <testcase name="testLivenessEndpoint" classname="it.dev.appsody.starter.HealthEndpointTest" time="0.7"/>
  <testcase name="testReadinessEndpoint" classname="it.dev.appsody.starter.HealthEndpointTest" time="0.04"/>
</testsuite>